<?xml version="1.0" encoding="UTF-8"?>
<testsuite name="net.mamoe.yamlkt.decoder.TestNewStream" tests="1" skipped="0" failures="0" errors="0" timestamp="2023-03-06T00:32:04" hostname="MacBook-Pro.lan" time="0.001">
  <properties/>
  <testcase name="testNewStream[jvm]" classname="net.mamoe.yamlkt.decoder.TestNewStream" time="0.001"/>
  <system-out><![CDATA[net.mamoe.yamlkt.decoder.TestNewStream.Data {
s: test
}
Data(s=test)
]]></system-out>
  <system-err><![CDATA[]]></system-err>
</testsuite>
