<?xml version="1.0" encoding="UTF-8"?>
<testsuite name="net.mamoe.yamlkt.decoder.FlowListTest" tests="4" skipped="0" failures="0" errors="0" timestamp="2023-03-06T00:32:04" hostname="MacBook-Pro.lan" time="0.039">
  <properties/>
  <testcase name="nullable list[jvm]" classname="net.mamoe.yamlkt.decoder.FlowListTest" time="0.002"/>
  <testcase name="test flow class[jvm]" classname="net.mamoe.yamlkt.decoder.FlowListTest" time="0.004"/>
  <testcase name="test nested block sequence with negative values[jvm]" classname="net.mamoe.yamlkt.decoder.FlowListTest" time="0.029"/>
  <testcase name="testFlowListWithDescriptor[jvm]" classname="net.mamoe.yamlkt.decoder.FlowListTest" time="0.004"/>
  <system-out><![CDATA[net.mamoe.yamlkt.decoder.FlowListTest.TestListData {
kotlin.collections.ArrayList by Yaml Block Class indented 8 {
net.mamoe.yamlkt.decoder.FlowListTest.Item by Yaml Flow Sequence {
id: Open
}
net.mamoe.yamlkt.decoder.FlowListTest.Item by Yaml Flow Sequence {
id: OpenNew
label: Open New
}
<null>}
}
net.mamoe.yamlkt.decoder.FlowListTest.TestDataA {
a: 1
b: 1
}
net.mamoe.yamlkt.decoder.FlowListTest.TestDataA {
a: -1
b: -1
}
net.mamoe.yamlkt.decoder.FlowListTest.TestDataA {
a: -1
b: 1
}
net.mamoe.yamlkt.decoder.FlowListTest.TestDataA {
a: 1
b: -1
}
net.mamoe.yamlkt.decoder.FlowListTest.TestDataB {
kotlin.collections.ArrayList by Yaml Flow Class {
 = 1
-1}
b: 1
}
net.mamoe.yamlkt.decoder.FlowListTest.TestDataB {
kotlin.collections.ArrayList by Yaml Flow Class {
 = -1
1}
b: -1
}
net.mamoe.yamlkt.decoder.FlowListTest.SvcReqPushMsg {
uin: 9876540101
YamlNullableDynamic by Yaml Flow Class {
}
 = -102210294
YamlNullableDynamic by Yaml Flow Class {
}
}
YamlNullableDynamic by Yaml Flow Class {
}
}
kotlin.collections.LinkedHashMap by Yaml Flow Class {
}
}
net.mamoe.yamlkt.decoder.FlowListTest$SvcReqPushMsg@4cee7fa0
kotlin.collections.ArrayList {
-1}
kotlin.collections.ArrayList {
 = -1
}
kotlin.collections.ArrayList {
-1}
kotlin.collections.ArrayList {
 = -1
}
kotlin.collections.ArrayList {
-1}
kotlin.collections.ArrayList {
 = -1
}
kotlin.collections.ArrayList {
-1 = 2
}
kotlin.collections.ArrayList {
-1 = -2
}
kotlin.collections.ArrayList {
2 = -1
-2}
kotlin.collections.ArrayList {
 = 2
-1 = 2
}
kotlin.collections.ArrayList {
kotlin.collections.ArrayList by Yaml Flow Sequence {
-1}
}
kotlin.collections.ArrayList {
kotlin.collections.ArrayList by Yaml Flow Sequence {
 = -1
}
}
kotlin.collections.ArrayList {
kotlin.collections.ArrayList by Yaml Flow Sequence {
-1}
}
kotlin.collections.ArrayList {
kotlin.collections.ArrayList by Yaml Flow Sequence {
 = -1
}
}
kotlin.collections.ArrayList {
kotlin.collections.ArrayList by Yaml Flow Sequence {
-1}
}
kotlin.collections.ArrayList {
kotlin.collections.ArrayList by Yaml Flow Sequence {
 = -1
}
}
kotlin.collections.ArrayList {
kotlin.collections.ArrayList by Yaml Flow Sequence {
-1 = 2
}
}
kotlin.collections.ArrayList {
kotlin.collections.ArrayList by Yaml Flow Sequence {
-1 = -2
}
}
kotlin.collections.ArrayList {
kotlin.collections.ArrayList by Yaml Flow Sequence {
2 = -1
-2}
}
kotlin.collections.ArrayList {
kotlin.collections.ArrayList by Yaml Flow Sequence {
 = 2
-1 = 2
}
}
kotlin.Unit {
kotlin.collections.ArrayList {
--1}
kotlin.collections.ArrayList {
 = --1
--1}
kotlin.collections.ArrayList {
YamlNullableDynamic by Yaml Flow Sequence {
}
YamlNullableDynamic by Yaml Flow Sequence {
}
YamlNullableDynamic by Yaml Flow Sequence {
}
}
kotlin.collections.ArrayList {
YamlNullableDynamic by Yaml Flow Sequence {
}
YamlNullableDynamic by Yaml Flow Sequence {
}
YamlNullableDynamic by Yaml Flow Sequence {
}
YamlNullableDynamic by Yaml Flow Sequence {
}
YamlNullableDynamic by Yaml Flow Sequence {
}
}
net.mamoe.yamlkt.decoder.FlowListTest.TestNestedListData {
kotlin.collections.ArrayList by Yaml Block Class indented 4 {
kotlin.collections.ArrayList by Yaml Flow Sequence {
 = test
test = test
}
}
}
]]></system-out>
  <system-err><![CDATA[]]></system-err>
</testsuite>
