<?xml version="1.0" encoding="UTF-8"?>
<testsuite name="net.mamoe.yamlkt.decoder.MalformedSerializersTest" tests="2" skipped="0" failures="0" errors="0" timestamp="2023-03-06T00:32:04" hostname="MacBook-Pro.lan" time="0.002">
  <properties/>
  <testcase name="testIntSerializationWithDecodeNullableSerializableElement[jvm]" classname="net.mamoe.yamlkt.decoder.MalformedSerializersTest" time="0.001"/>
  <testcase name="testIntSerializationWithDecodeSerializableElement[jvm]" classname="net.mamoe.yamlkt.decoder.MalformedSerializersTest" time="0.001"/>
  <system-out><![CDATA[123 = 123
123 = 123
]]></system-out>
  <system-err><![CDATA[]]></system-err>
</testsuite>
