<?xml version="1.0" encoding="UTF-8"?>
<testsuite name="net.mamoe.yamlkt.encoder.FlowSequenceTest" tests="1" skipped="0" failures="0" errors="0" timestamp="2023-03-06T00:32:06" hostname="MacBook-Pro.lan" time="0.0">
  <properties/>
  <testcase name="test empty list[jvm]" classname="net.mamoe.yamlkt.encoder.FlowSequenceTest" time="0.0"/>
  <system-out><![CDATA[]]></system-out>
  <system-err><![CDATA[]]></system-err>
</testsuite>
