<?xml version="1.0" encoding="UTF-8"?>
<testsuite name="net.mamoe.yamlkt.decoder.TestMissingStructure" tests="4" skipped="0" failures="0" errors="0" timestamp="2023-03-06T00:32:04" hostname="MacBook-Pro.lan" time="0.002">
  <properties/>
  <testcase name="test missing structure in block map[jvm]" classname="net.mamoe.yamlkt.decoder.TestMissingStructure" time="0.001"/>
  <testcase name="test missing structure in block map with extra elements[jvm]" classname="net.mamoe.yamlkt.decoder.TestMissingStructure" time="0.0"/>
  <testcase name="test missing structure in flow map with extra elements[jvm]" classname="net.mamoe.yamlkt.decoder.TestMissingStructure" time="0.001"/>
  <testcase name="test missing structure in flow map[jvm]" classname="net.mamoe.yamlkt.decoder.TestMissingStructure" time="0.0"/>
  <system-out><![CDATA[net.mamoe.yamlkt.decoder.TestMissingStructure.Data {
}
net.mamoe.yamlkt.decoder.TestMissingStructure.Data {
YamlNullableDynamic by Yaml Block Class indented 0 {
}
}
net.mamoe.yamlkt.decoder.TestMissingStructure.Data {
YamlNullableDynamic by Yaml Flow Class {
}
}
net.mamoe.yamlkt.decoder.TestMissingStructure.Data {
}
]]></system-out>
  <system-err><![CDATA[]]></system-err>
</testsuite>
