<?xml version="1.0" encoding="UTF-8"?>
<testsuite name="net.mamoe.yamlkt.escaping.SingleQuotationMultilineTest" tests="3" skipped="0" failures="0" errors="0" timestamp="2023-03-06T00:32:06" hostname="MacBook-Pro.lan" time="0.002">
  <properties/>
  <testcase name="example[jvm]" classname="net.mamoe.yamlkt.escaping.SingleQuotationMultilineTest" time="0.001"/>
  <testcase name="testEscape[jvm]" classname="net.mamoe.yamlkt.escaping.SingleQuotationMultilineTest" time="0.0"/>
  <testcase name="newline[jvm]" classname="net.mamoe.yamlkt.escaping.SingleQuotationMultilineTest" time="0.001"/>
  <system-out><![CDATA[YamlNullableDynamic {
}
YamlNullableDynamic {
}
YamlNullableDynamic {
}
]]></system-out>
  <system-err><![CDATA[]]></system-err>
</testsuite>
