<?xml version="1.0" encoding="UTF-8"?>
<testsuite name="net.mamoe.yamlkt.YamlElementTests" tests="1" skipped="0" failures="0" errors="0" timestamp="2023-03-06T00:32:04" hostname="MacBook-Pro.lan" time="0.0">
  <properties/>
  <testcase name="testYamlMapFactories[jvm]" classname="net.mamoe.yamlkt.YamlElementTests" time="0.0"/>
  <system-out><![CDATA[]]></system-out>
  <system-err><![CDATA[]]></system-err>
</testsuite>
